# JRE version: OpenJDK Runtime Environment (11.0.3+12) (build 11.0.3+12-b304.39)
# Java VM: OpenJDK 64-Bit Server VM (11.0.3+12-b304.39, mixed mode, tiered, compressed oops, concurrent mark sweep gc, linux-amd64)
Heap:
 par new generation   total 39296K, used 20459K [0x00000000d1200000, 0x00000000d3ca0000, 0x00000000db860000)
  eden space 34944K,  55% used [0x00000000d1200000, 0x00000000d24da680, 0x00000000d3420000)
  from space 4352K,  26% used [0x00000000d3860000, 0x00000000d3980580, 0x00000000d3ca0000)
  to   space 4352K,   0% used [0x00000000d3420000, 0x00000000d3420000, 0x00000000d3860000)
 concurrent mark-sweep generation total 212632K, used 186147K [0x00000000db860000, 0x00000000e8806000, 0x0000000100000000)
 Metaspace       used 258258K, capacity 266692K, committed 266968K, reserved 1284096K
  class space    used 29717K, capacity 32917K, committed 32992K, reserved 1048576K
GC Heap History (10 events):
Event: 14979.786 GC heap before
{Heap before GC invocations=702 (full 10):
 par new generation   total 39296K, used 37735K [0x00000000d1200000, 0x00000000d3ca0000, 0x00000000db860000)
  eden space 34944K, 100% used [0x00000000d1200000, 0x00000000d3420000, 0x00000000d3420000)
  from space 4352K,  64% used [0x00000000d3420000, 0x00000000d36d9e10, 0x00000000d3860000)
  to   space 4352K,   0% used [0x00000000d3860000, 0x00000000d3860000, 0x00000000d3ca0000)
 concurrent mark-sweep generation total 212632K, used 186147K [0x00000000db860000, 0x00000000e8806000, 0x0000000100000000)
 Metaspace       used 258090K, capacity 266489K, committed 266712K, reserved 1284096K
  class space    used 29701K, capacity 32896K, committed 32992K, reserved 1048576K
}
Event: 14979.792 GC heap after
{Heap after GC invocations=703 (full 10):
 par new generation   total 39296K, used 740K [0x00000000d1200000, 0x00000000d3ca0000, 0x00000000db860000)
  eden space 34944K,   0% used [0x00000000d1200000, 0x00000000d1200000, 0x00000000d3420000)
  from space 4352K,  17% used [0x00000000d3860000, 0x00000000d3919320, 0x00000000d3ca0000)
  to   space 4352K,   0% used [0x00000000d3420000, 0x00000000d3420000, 0x00000000d3860000)
 concurrent mark-sweep generation total 212632K, used 186147K [0x00000000db860000, 0x00000000e8806000, 0x0000000100000000)
 Metaspace       used 258090K, capacity 266489K, committed 266712K, reserved 1284096K
  class space    used 29701K, capacity 32896K, committed 32992K, reserved 1048576K
}
Event: 14980.492 GC heap before
{Heap before GC invocations=703 (full 10):
 par new generation   total 39296K, used 35684K [0x00000000d1200000, 0x00000000d3ca0000, 0x00000000db860000)
  eden space 34944K, 100% used [0x00000000d1200000, 0x00000000d3420000, 0x00000000d3420000)
  from space 4352K,  17% used [0x00000000d3860000, 0x00000000d3919320, 0x00000000d3ca0000)
  to   space 4352K,   0% used [0x00000000d3420000, 0x00000000d3420000, 0x00000000d3860000)
 concurrent mark-sweep generation total 212632K, used 186147K [0x00000000db860000, 0x00000000e8806000, 0x0000000100000000)
 Metaspace       used 258092K, capacity 266489K, committed 266712K, reserved 1284096K
  class space    used 29701K, capacity 32896K, committed 32992K, reserved 1048576K
}
Event: 14980.496 GC heap after
{Heap after GC invocations=704 (full 10):
 par new generation   total 39296K, used 667K [0x00000000d1200000, 0x00000000d3ca0000, 0x00000000db860000)
  eden space 34944K,   0% used [0x00000000d1200000, 0x00000000d1200000, 0x00000000d3420000)
  from space 4352K,  15% used [0x00000000d3420000, 0x00000000d34c6d60, 0x00000000d3860000)
  to   space 4352K,   0% used [0x00000000d3860000, 0x00000000d3860000, 0x00000000d3ca0000)
 concurrent mark-sweep generation total 212632K, used 186147K [0x00000000db860000, 0x00000000e8806000, 0x0000000100000000)
 Metaspace       used 258092K, capacity 266489K, committed 266712K, reserved 1284096K
  class space    used 29701K, capacity 32896K, committed 32992K, reserved 1048576K
}
Event: 14985.262 GC heap before
{Heap before GC invocations=704 (full 10):
 par new generation   total 39296K, used 35520K [0x00000000d1200000, 0x00000000d3ca0000, 0x00000000db860000)
  eden space 34944K,  99% used [0x00000000d1200000, 0x00000000d3409488, 0x00000000d3420000)
  from space 4352K,  15% used [0x00000000d3420000, 0x00000000d34c6d60, 0x00000000d3860000)
  to   space 4352K,   0% used [0x00000000d3860000, 0x00000000d3860000, 0x00000000d3ca0000)
 concurrent mark-sweep generation total 212632K, used 186147K [0x00000000db860000, 0x00000000e8806000, 0x0000000100000000)
 Metaspace       used 258128K, capacity 266515K, committed 266712K, reserved 1284096K
  class space    used 29707K, capacity 32904K, committed 32992K, reserved 1048576K
}
Event: 14985.268 GC heap after
{Heap after GC invocations=705 (full 10):
 par new generation   total 39296K, used 800K [0x00000000d1200000, 0x00000000d3ca0000, 0x00000000db860000)
  eden space 34944K,   0% used [0x00000000d1200000, 0x00000000d1200000, 0x00000000d3420000)
  from space 4352K,  18% used [0x00000000d3860000, 0x00000000d3928190, 0x00000000d3ca0000)
  to   space 4352K,   0% used [0x00000000d3420000, 0x00000000d3420000, 0x00000000d3860000)
 concurrent mark-sweep generation total 212632K, used 186147K [0x00000000db860000, 0x00000000e8806000, 0x0000000100000000)
 Metaspace       used 258128K, capacity 266515K, committed 266712K, reserved 1284096K
  class space    used 29707K, capacity 32904K, committed 32992K, reserved 1048576K
}
Event: 19516.138 GC heap before
{Heap before GC invocations=705 (full 10):
 par new generation   total 39296K, used 35744K [0x00000000d1200000, 0x00000000d3ca0000, 0x00000000db860000)
  eden space 34944K, 100% used [0x00000000d1200000, 0x00000000d3420000, 0x00000000d3420000)
  from space 4352K,  18% used [0x00000000d3860000, 0x00000000d3928190, 0x00000000d3ca0000)
  to   space 4352K,   0% used [0x00000000d3420000, 0x00000000d3420000, 0x00000000d3860000)
 concurrent mark-sweep generation total 212632K, used 186147K [0x00000000db860000, 0x00000000e8806000, 0x0000000100000000)
 Metaspace       used 258147K, capacity 266516K, committed 266712K, reserved 1284096K
  class space    used 29707K, capacity 32904K, committed 32992K, reserved 1048576K
}
Event: 19516.165 GC heap after
{Heap after GC invocations=706 (full 10):
 par new generation   total 39296K, used 1322K [0x00000000d1200000, 0x00000000d3ca0000, 0x00000000db860000)
  eden space 34944K,   0% used [0x00000000d1200000, 0x00000000d1200000, 0x00000000d3420000)
  from space 4352K,  30% used [0x00000000d3420000, 0x00000000d356a930, 0x00000000d3860000)
  to   space 4352K,   0% used [0x00000000d3860000, 0x00000000d3860000, 0x00000000d3ca0000)
 concurrent mark-sweep generation total 212632K, used 186147K [0x00000000db860000, 0x00000000e8806000, 0x0000000100000000)
 Metaspace       used 258147K, capacity 266516K, committed 266712K, reserved 1284096K
  class space    used 29707K, capacity 32904K, committed 32992K, reserved 1048576K
}
Event: 25246.980 GC heap before
{Heap before GC invocations=706 (full 10):
 par new generation   total 39296K, used 36266K [0x00000000d1200000, 0x00000000d3ca0000, 0x00000000db860000)
  eden space 34944K, 100% used [0x00000000d1200000, 0x00000000d3420000, 0x00000000d3420000)
  from space 4352K,  30% used [0x00000000d3420000, 0x00000000d356a930, 0x00000000d3860000)
  to   space 4352K,   0% used [0x00000000d3860000, 0x00000000d3860000, 0x00000000d3ca0000)
 concurrent mark-sweep generation total 212632K, used 186147K [0x00000000db860000, 0x00000000e8806000, 0x0000000100000000)
 Metaspace       used 258169K, capacity 266598K, committed 266712K, reserved 1284096K
  class space    used 29708K, capacity 32907K, committed 32992K, reserved 1048576K
}
Event: 25247.017 GC heap after
{Heap after GC invocations=707 (full 10):
 par new generation   total 39296K, used 1153K [0x00000000d1200000, 0x00000000d3ca0000, 0x00000000db860000)
  eden space 34944K,   0% used [0x00000000d1200000, 0x00000000d1200000, 0x00000000d3420000)
  from space 4352K,  26% used [0x00000000d3860000, 0x00000000d3980580, 0x00000000d3ca0000)
  to   space 4352K,   0% used [0x00000000d3420000, 0x00000000d3420000, 0x00000000d3860000)
 concurrent mark-sweep generation total 212632K, used 186147K [0x00000000db860000, 0x00000000e8806000, 0x0000000100000000)
 Metaspace       used 258169K, capacity 266598K, committed 266712K, reserved 1284096K
  class space    used 29708K, capacity 32907K, committed 32992K, reserved 1048576K
}

